<?xml version="1.0" encoding="UTF-8"?>
<!-- Generated by org.testng.reporters.JUnitReportReporter -->
<testsuite skipped="0" hostname="DESKTOP-1Q8BS8U" name="com.crm.qa.testcases.HomePageTest" tests="3" failures="0" timestamp="17 Nov 2017 14:45:26 GMT" time="64.233" errors="0">
  <testcase name="validateTitle" time="21.797" classname="com.crm.qa.testcases.HomePageTest"/>
  <testcase name="validateUserName" time="21.935" classname="com.crm.qa.testcases.HomePageTest"/>
  <testcase name="clickContactsPage" time="20.501" classname="com.crm.qa.testcases.HomePageTest"/>
</testsuite> <!-- com.crm.qa.testcases.HomePageTest -->
