<?xml version="1.0" encoding="UTF-8"?>
<!-- Generated by org.testng.reporters.JUnitReportReporter -->
<testsuite skipped="0" hostname="DESKTOP-1Q8BS8U" name="com.crm.qa.testcases.ContactsPageTest" tests="6" failures="0" timestamp="16 Nov 2017 07:55:35 GMT" time="29.461" errors="0">
  <testcase name="verifyContactsLabel" time="0.364" classname="com.crm.qa.testcases.ContactsPageTest"/>
  <testcase name="selectAContact" time="0.343" classname="com.crm.qa.testcases.ContactsPageTest"/>
  <testcase name="addContact" time="6.533" classname="com.crm.qa.testcases.ContactsPageTest"/>
  <testcase name="addContact" time="5.916" classname="com.crm.qa.testcases.ContactsPageTest"/>
  <testcase name="addContact" time="7.382" classname="com.crm.qa.testcases.ContactsPageTest"/>
  <testcase name="addContact" time="8.923" classname="com.crm.qa.testcases.ContactsPageTest"/>
</testsuite> <!-- com.crm.qa.testcases.ContactsPageTest -->
