<?xml version="1.0" encoding="UTF-8"?>
<!-- Generated by org.testng.reporters.JUnitReportReporter -->
<testsuite skipped="0" hostname="DESKTOP-1Q8BS8U" name="com.crm.qa.testcases.LoginPageTest" tests="3" failures="0" timestamp="13 Nov 2017 14:38:00 GMT" time="36.358" errors="0">
  <testcase name="testTitle" time="16.173" classname="com.crm.qa.testcases.LoginPageTest"/>
  <testcase name="testImage" time="7.510" classname="com.crm.qa.testcases.LoginPageTest"/>
  <testcase name="loginSuccess" time="12.675" classname="com.crm.qa.testcases.LoginPageTest"/>
</testsuite> <!-- com.crm.qa.testcases.LoginPageTest -->
