<?xml version="1.0" encoding="UTF-8"?>
<!-- Generated by org.testng.reporters.JUnitReportReporter -->
<testsuite skipped="0" hostname="DESKTOP-1Q8BS8U" name="com.crm.qa.testcases.LoginPageTest" tests="3" failures="0" timestamp="17 Nov 2017 14:45:26 GMT" time="54.913" errors="0">
  <testcase name="testTitle" time="14.852" classname="com.crm.qa.testcases.LoginPageTest"/>
  <testcase name="testImage" time="12.378" classname="com.crm.qa.testcases.LoginPageTest"/>
  <testcase name="loginSuccess" time="27.683" classname="com.crm.qa.testcases.LoginPageTest"/>
</testsuite> <!-- com.crm.qa.testcases.LoginPageTest -->
