<?xml version="1.0" encoding="UTF-8"?>
<!-- Generated by org.testng.reporters.JUnitReportReporter -->
<testsuite skipped="0" hostname="DESKTOP-1Q8BS8U" name="com.crm.qa.testcases.LoginPageTest" tests="3" failures="0" timestamp="17 Nov 2017 12:43:20 GMT" time="34.062" errors="0">
  <testcase name="testTitle" time="10.934" classname="com.crm.qa.testcases.LoginPageTest"/>
  <testcase name="testImage" time="8.826" classname="com.crm.qa.testcases.LoginPageTest"/>
  <testcase name="loginSuccess" time="14.302" classname="com.crm.qa.testcases.LoginPageTest"/>
</testsuite> <!-- com.crm.qa.testcases.LoginPageTest -->
