<?xml version="1.0" encoding="UTF-8"?>
<!-- Generated by org.testng.reporters.JUnitReportReporter -->
<testsuite skipped="0" hostname="DESKTOP-1Q8BS8U" name="com.crm.qa.testcases.ContactsPageTest" tests="6" failures="0" timestamp="20 Nov 2017 09:30:28 GMT" time="24.166" errors="0">
  <testcase name="verifyContactsLabel" time="0.079" classname="com.crm.qa.testcases.ContactsPageTest"/>
  <testcase name="selectAContact" time="0.682" classname="com.crm.qa.testcases.ContactsPageTest"/>
  <testcase name="addContact" time="4.789" classname="com.crm.qa.testcases.ContactsPageTest"/>
  <testcase name="addContact" time="7.100" classname="com.crm.qa.testcases.ContactsPageTest"/>
  <testcase name="addContact" time="5.778" classname="com.crm.qa.testcases.ContactsPageTest"/>
  <testcase name="addContact" time="5.738" classname="com.crm.qa.testcases.ContactsPageTest"/>
</testsuite> <!-- com.crm.qa.testcases.ContactsPageTest -->
